  [1m[36m (62.0ms)[0m  [1mCREATE TABLE "schema_migrations" ("version" varchar(255) NOT NULL) [0m
  [1m[35m (57.0ms)[0m  CREATE UNIQUE INDEX "unique_schema_migrations" ON "schema_migrations" ("version")
  [1m[36mActiveRecord::SchemaMigration Load (0.0ms)[0m  [1mSELECT "schema_migrations".* FROM "schema_migrations"[0m
Migrating to CreateActions (20150212085756)
  [1m[35m (0.0ms)[0m  begin transaction
  [1m[36m (2.0ms)[0m  [1mCREATE TABLE "actions" ("id" INTEGER PRIMARY KEY AUTOINCREMENT NOT NULL, "action" varchar(255), "param" varchar(255), "created_at" datetime, "updated_at" datetime) [0m
  [1m[35mSQL (0.0ms)[0m  INSERT INTO "schema_migrations" ("version") VALUES (?)  [["version", "20150212085756"]]
  [1m[36m (65.0ms)[0m  [1mcommit transaction[0m
Migrating to CreateEvents (20150212154358)
  [1m[35m (0.0ms)[0m  begin transaction
  [1m[36m (1.0ms)[0m  [1mCREATE TABLE "events" ("id" INTEGER PRIMARY KEY AUTOINCREMENT NOT NULL, "event" varchar(255), "operator" varchar(255), "created_at" datetime, "updated_at" datetime) [0m
  [1m[35mSQL (1.0ms)[0m  INSERT INTO "schema_migrations" ("version") VALUES (?)  [["version", "20150212154358"]]
  [1m[36m (81.0ms)[0m  [1mcommit transaction[0m
Migrating to AddEventIdToActions (20150213041404)
  [1m[35m (0.0ms)[0m  begin transaction
  [1m[36m (11.0ms)[0m  [1mALTER TABLE "actions" ADD "event_id" integer[0m
  [1m[35mSQL (0.0ms)[0m  INSERT INTO "schema_migrations" ("version") VALUES (?)  [["version", "20150213041404"]]
  [1m[36m (60.0ms)[0m  [1mcommit transaction[0m
Migrating to AddParamToEvents (20150215133509)
  [1m[35m (0.0ms)[0m  begin transaction
  [1m[36m (2.0ms)[0m  [1mALTER TABLE "events" ADD "param" varchar(255)[0m
  [1m[35mSQL (0.0ms)[0m  INSERT INTO "schema_migrations" ("version") VALUES (?)  [["version", "20150215133509"]]
  [1m[36m (56.0ms)[0m  [1mcommit transaction[0m
Migrating to CreateProjects (20150306034357)
  [1m[35m (0.0ms)[0m  begin transaction
  [1m[36m (1.0ms)[0m  [1mCREATE TABLE "projects" ("id" INTEGER PRIMARY KEY AUTOINCREMENT NOT NULL, "user_id" varchar(255), "pjname" varchar(255), "created_at" datetime, "updated_at" datetime) [0m
  [1m[35mSQL (0.0ms)[0m  INSERT INTO "schema_migrations" ("version") VALUES (?)  [["version", "20150306034357"]]
  [1m[36m (67.0ms)[0m  [1mcommit transaction[0m
Migrating to AddIndexPjnameToProjects (20150306035025)
  [1m[35m (0.0ms)[0m  begin transaction
  [1m[36m (2.0ms)[0m  [1mCREATE UNIQUE INDEX "index_projects_on_user_id_and_pjname" ON "projects" ("user_id", "pjname")[0m
  [1m[35mSQL (0.0ms)[0m  INSERT INTO "schema_migrations" ("version") VALUES (?)  [["version", "20150306035025"]]
  [1m[36m (81.0ms)[0m  [1mcommit transaction[0m
Migrating to AddProjectIdToEvents (20150310070104)
  [1m[35m (0.0ms)[0m  begin transaction
  [1m[36m (1.0ms)[0m  [1mALTER TABLE "events" ADD "project_id" integer[0m
  [1m[35mSQL (0.0ms)[0m  INSERT INTO "schema_migrations" ("version") VALUES (?)  [["version", "20150310070104"]]
  [1m[36m (162.0ms)[0m  [1mcommit transaction[0m
Migrating to AddIndexProjectidToEvents (20150310070105)
  [1m[35m (0.0ms)[0m  begin transaction
  [1m[36m (2.0ms)[0m  [1mCREATE UNIQUE INDEX "index_events_on_project_id_and_id" ON "events" ("project_id", "id")[0m
  [1m[35mSQL (1.0ms)[0m  INSERT INTO "schema_migrations" ("version") VALUES (?)  [["version", "20150310070105"]]
  [1m[36m (117.0ms)[0m  [1mcommit transaction[0m
  [1m[35mActiveRecord::SchemaMigration Load (1.0ms)[0m  SELECT "schema_migrations".* FROM "schema_migrations"


Started GET "/assets/lib/sencha-touch/resources/css/sencha-touch.css" for 127.0.0.1 at 2015-06-12 10:02:08 +0900
  [1m[36mActiveRecord::SchemaMigration Load (0.0ms)[0m  [1mSELECT "schema_migrations".* FROM "schema_migrations"[0m


Started GET "/assets/lib/sencha-touch/sencha-touch-all-debug.js" for 127.0.0.1 at 2015-06-12 10:02:08 +0900


Started GET "/assets/lib/jquery-2.1.3.min.js" for 127.0.0.1 at 2015-06-12 10:02:08 +0900


Started GET "/projects" for 127.0.0.1 at 2015-06-12 10:02:14 +0900
Processing by ProjectsController#index as HTML
  [1m[35mProject Load (0.0ms)[0m  SELECT "projects".* FROM "projects" WHERE "projects"."user_id" = 'test'
  Rendered projects/index.html.erb within layouts/application (36.0ms)
  Rendered layouts/_shim.html.erb (1.0ms)
  Rendered layouts/_header.html.erb (1.0ms)
  Rendered layouts/_footer.html.erb (1.0ms)
Completed 200 OK in 648ms (Views: 603.0ms | ActiveRecord: 1.0ms)


Started GET "/assets/events.css?body=1" for 127.0.0.1 at 2015-06-12 10:02:15 +0900


Started GET "/assets/projects.css?body=1" for 127.0.0.1 at 2015-06-12 10:02:15 +0900


Started GET "/assets/jquery_ujs.js?body=1" for 127.0.0.1 at 2015-06-12 10:02:15 +0900


Started GET "/assets/jquery.js?body=1" for 127.0.0.1 at 2015-06-12 10:02:15 +0900


Started GET "/assets/custom.css?body=1" for 127.0.0.1 at 2015-06-12 10:02:15 +0900


Started GET "/assets/application.css?body=1" for 127.0.0.1 at 2015-06-12 10:02:15 +0900


Started GET "/assets/turbolinks.js?body=1" for 127.0.0.1 at 2015-06-12 10:02:15 +0900


Started GET "/assets/bootstrap-transition.js?body=1" for 127.0.0.1 at 2015-06-12 10:02:15 +0900


Started GET "/assets/bootstrap-affix.js?body=1" for 127.0.0.1 at 2015-06-12 10:02:15 +0900


Started GET "/assets/bootstrap-alert.js?body=1" for 127.0.0.1 at 2015-06-12 10:02:16 +0900


Started GET "/assets/bootstrap-button.js?body=1" for 127.0.0.1 at 2015-06-12 10:02:16 +0900


Started GET "/assets/bootstrap-carousel.js?body=1" for 127.0.0.1 at 2015-06-12 10:02:16 +0900


Started GET "/assets/bootstrap-collapse.js?body=1" for 127.0.0.1 at 2015-06-12 10:02:16 +0900


Started GET "/assets/bootstrap-dropdown.js?body=1" for 127.0.0.1 at 2015-06-12 10:02:16 +0900


Started GET "/assets/bootstrap-modal.js?body=1" for 127.0.0.1 at 2015-06-12 10:02:16 +0900


Started GET "/assets/bootstrap-scrollspy.js?body=1" for 127.0.0.1 at 2015-06-12 10:02:16 +0900


Started GET "/assets/bootstrap-tab.js?body=1" for 127.0.0.1 at 2015-06-12 10:02:16 +0900


Started GET "/assets/bootstrap-tooltip.js?body=1" for 127.0.0.1 at 2015-06-12 10:02:16 +0900


Started GET "/assets/bootstrap-popover.js?body=1" for 127.0.0.1 at 2015-06-12 10:02:16 +0900


Started GET "/assets/bootstrap-typeahead.js?body=1" for 127.0.0.1 at 2015-06-12 10:02:16 +0900


Started GET "/assets/bootstrap.js?body=1" for 127.0.0.1 at 2015-06-12 10:02:16 +0900


Started GET "/assets/events.js?body=1" for 127.0.0.1 at 2015-06-12 10:02:16 +0900


Started GET "/assets/projects.js?body=1" for 127.0.0.1 at 2015-06-12 10:02:16 +0900


Started GET "/assets/application.js?body=1" for 127.0.0.1 at 2015-06-12 10:02:16 +0900


Started POST "/projects" for 127.0.0.1 at 2015-06-12 10:02:31 +0900
Processing by ProjectsController#create as JSON
  Parameters: {"_json"=>"{\"project\":\"test\",\"events\": []}", "project"=>{}}
Can't verify CSRF token authenticity
=============params=================
[]
=============params=================
=============hoge=================
{"id"=>nil, "user_id"=>"test", "pjname"=>"test", "created_at"=>nil, "updated_at"=>nil}
  [1m[36mProject Load (1.0ms)[0m  [1mSELECT "projects".* FROM "projects" WHERE "projects"."user_id" = 'test' AND "projects"."pjname" = 'test' LIMIT 1[0m
=============piyo=================
  [1m[35m (0.0ms)[0m  begin transaction
  [1m[36mSQL (20.0ms)[0m  [1mINSERT INTO "projects" ("created_at", "pjname", "updated_at", "user_id") VALUES (?, ?, ?, ?)[0m  [["created_at", Fri, 12 Jun 2015 01:02:32 UTC +00:00], ["pjname", "test"], ["updated_at", Fri, 12 Jun 2015 01:02:32 UTC +00:00], ["user_id", "test"]]
  [1m[35m (93.0ms)[0m  commit transaction
Redirected to http://localhost:3000/projects
Completed 302 Found in 200ms (ActiveRecord: 117.0ms)


Started GET "/projects" for 127.0.0.1 at 2015-06-12 10:02:32 +0900
Processing by ProjectsController#index as JSON
  [1m[36mProject Load (0.0ms)[0m  [1mSELECT "projects".* FROM "projects" WHERE "projects"."user_id" = 'test'[0m
Completed 200 OK in 4ms (Views: 0.0ms | ActiveRecord: 0.0ms)


Started GET "/projects.json" for 127.0.0.1 at 2015-06-12 10:02:35 +0900
Processing by ProjectsController#index as JSON
  [1m[35mProject Load (0.0ms)[0m  SELECT "projects".* FROM "projects" WHERE "projects"."user_id" = 'test'
Completed 200 OK in 5ms (Views: 0.0ms | ActiveRecord: 0.0ms)


Started GET "/assets/lib/sencha-touch/resources/css/sencha-touch.css" for 127.0.0.1 at 2015-06-12 10:02:45 +0900


Started GET "/projects.json" for 127.0.0.1 at 2015-06-12 10:02:49 +0900
Processing by ProjectsController#index as JSON
  [1m[36mProject Load (1.0ms)[0m  [1mSELECT "projects".* FROM "projects" WHERE "projects"."user_id" = 'test'[0m
Completed 200 OK in 5ms (Views: 0.0ms | ActiveRecord: 1.0ms)


Started GET "/projects.json" for 127.0.0.1 at 2015-06-12 10:04:22 +0900
Processing by ProjectsController#index as JSON
  [1m[35mProject Load (0.0ms)[0m  SELECT "projects".* FROM "projects" WHERE "projects"."user_id" = 'test'
Completed 200 OK in 5ms (Views: 0.0ms | ActiveRecord: 0.0ms)


Started GET "/projects.json" for 127.0.0.1 at 2015-06-12 10:07:53 +0900
Processing by ProjectsController#index as JSON
  [1m[36mProject Load (1.0ms)[0m  [1mSELECT "projects".* FROM "projects" WHERE "projects"."user_id" = 'test'[0m
Completed 200 OK in 5ms (Views: 1.0ms | ActiveRecord: 1.0ms)
